<?xml version="1.0" encoding="UTF-8"?>
<!-- Generated by org.testng.reporters.JUnitReportReporter -->
<testsuite skipped="0" hostname="DESKTOP-RA1UARU" name="tests.PositiveTest" tests="1" failures="0" timestamp="20 Jul 2019 05:03:25 GMT" time="19.390" errors="0">
  <testcase name="PositiveTestForRegPage" time="19.390" classname="tests.PositiveTest"/>
</testsuite> <!-- tests.PositiveTest -->
